build/app/intermediates/manifest_merge_blame_file/debug/manifest-merger-blame-debug-report.txt
1<?xml version="1.0" encoding="utf-8"?>
2<manifest xmlns:android="http://schemas.android.com/apk/res/android"
3    package="com.example.statsfoota"
4    android:versionCode="1"
5    android:versionName="1.0.0" >
6
7    <uses-sdk
8        android:minSdkVersion="21"
9        android:targetSdkVersion="35" />
10    <!--
11         The INTERNET permission is required for development. Specifically,
12         the Flutter tool needs it to communicate with the running application
13         to allow setting breakpoints, to provide hot reload, etc.
14    -->
15    <uses-permission android:name="android.permission.INTERNET" />
15-->src\debug\AndroidManifest.xml:6:5-66
15-->src\debug\AndroidManifest.xml:6:22-64
16    <uses-permission android:name="android.permission.READ_EXTERNAL_STORAGE" />
16-->src\debug\AndroidManifest.xml:7:5-80
16-->src\debug\AndroidManifest.xml:7:22-77
17    <uses-permission android:name="android.permission.WRITE_EXTERNAL_STORAGE" />
17-->src\debug\AndroidManifest.xml:8:5-81
17-->src\debug\AndroidManifest.xml:8:22-78
18
19    <queries>
19-->src\main\AndroidManifest.xml:67:5-72:15
20        <intent>
20-->src\debug\AndroidManifest.xml:10:9-13:18
21            <action android:name="android.intent.action.VIEW" />
21-->src\debug\AndroidManifest.xml:11:13-65
21-->src\debug\AndroidManifest.xml:11:21-62
22
23            <data android:scheme="https" />
23-->src\main\AndroidManifest.xml:70:13-50
23-->src\debug\AndroidManifest.xml:12:19-41
24        </intent>
25        <intent>
25-->src\debug\AndroidManifest.xml:14:9-17:18
26            <action android:name="android.intent.action.EDIT" />
26-->src\debug\AndroidManifest.xml:15:13-65
26-->src\debug\AndroidManifest.xml:15:21-62
27
28            <data android:scheme="https" />
28-->src\main\AndroidManifest.xml:70:13-50
28-->src\debug\AndroidManifest.xml:12:19-41
29        </intent>
30        <intent>
30-->src\main\AndroidManifest.xml:68:9-71:18
31            <action android:name="android.intent.action.PROCESS_TEXT" />
31-->src\main\AndroidManifest.xml:69:13-72
31-->src\main\AndroidManifest.xml:69:21-70
32
33            <data android:mimeType="text/plain" />
33-->src\main\AndroidManifest.xml:70:13-50
33-->src\main\AndroidManifest.xml:70:19-48
34        </intent>
35        <intent>
35-->[:file_picker] AndroidManifest.xml:8:9-12:18
36            <action android:name="android.intent.action.GET_CONTENT" />
36-->[:file_picker] AndroidManifest.xml:9:13-72
36-->[:file_picker] AndroidManifest.xml:9:21-69
37
38            <data android:mimeType="*/*" />
38-->src\main\AndroidManifest.xml:70:13-50
38-->src\main\AndroidManifest.xml:70:19-48
39        </intent>
40    </queries>
41
42    <uses-permission android:name="android.permission.ACCESS_NETWORK_STATE" />
42-->[com.google.android.gms:play-services-measurement:19.0.0] AndroidManifest.xml:24:5-79
42-->[com.google.android.gms:play-services-measurement:19.0.0] AndroidManifest.xml:24:22-76
43    <uses-permission android:name="android.permission.WAKE_LOCK" />
43-->[com.google.android.gms:play-services-measurement:19.0.0] AndroidManifest.xml:25:5-68
43-->[com.google.android.gms:play-services-measurement:19.0.0] AndroidManifest.xml:25:22-65
44    <uses-permission android:name="com.google.android.finsky.permission.BIND_GET_INSTALL_REFERRER_SERVICE" />
44-->[com.google.android.gms:play-services-measurement:19.0.0] AndroidManifest.xml:26:5-110
44-->[com.google.android.gms:play-services-measurement:19.0.0] AndroidManifest.xml:26:22-107
45
46    <permission
46-->[androidx.core:core:1.13.1] AndroidManifest.xml:22:5-24:47
47        android:name="com.example.statsfoota.DYNAMIC_RECEIVER_NOT_EXPORTED_PERMISSION"
47-->[androidx.core:core:1.13.1] AndroidManifest.xml:23:9-81
48        android:protectionLevel="signature" />
48-->[androidx.core:core:1.13.1] AndroidManifest.xml:24:9-44
49
50    <uses-permission android:name="com.example.statsfoota.DYNAMIC_RECEIVER_NOT_EXPORTED_PERMISSION" />
50-->[androidx.core:core:1.13.1] AndroidManifest.xml:26:5-97
50-->[androidx.core:core:1.13.1] AndroidManifest.xml:26:22-94
51
52    <application
53        android:name="android.app.Application"
54        android:appComponentFactory="androidx.core.app.CoreComponentFactory"
54-->[androidx.core:core:1.13.1] AndroidManifest.xml:28:18-86
55        android:debuggable="true"
56        android:extractNativeLibs="true"
57        android:icon="@mipmap/ic_launcher"
58        android:label="StatsFut" >
59        <activity
60            android:name="com.example.statsfoota.MainActivity"
61            android:configChanges="orientation|keyboardHidden|keyboard|screenSize|smallestScreenSize|locale|layoutDirection|fontScale|screenLayout|density|uiMode"
62            android:exported="true"
63            android:hardwareAccelerated="true"
64            android:launchMode="singleTop"
65            android:taskAffinity=""
66            android:theme="@style/LaunchTheme"
67            android:windowSoftInputMode="adjustResize" >
68
69            <!--
70                 Specifies an Android theme to apply to this Activity as soon as
71                 the Android process has started. This theme is visible to the user
72                 while the Flutter UI initializes. After that, this theme continues
73                 to determine the Window background behind the Flutter UI.
74            -->
75            <meta-data
76                android:name="io.flutter.embedding.android.NormalTheme"
77                android:resource="@style/NormalTheme" />
78
79            <intent-filter>
80                <action android:name="android.intent.action.MAIN" />
81
82                <category android:name="android.intent.category.LAUNCHER" />
83            </intent-filter>
84
85            <!-- Deep Link para manejar los enlaces statsfoot:// -->
86            <intent-filter>
87                <action android:name="android.intent.action.VIEW" />
87-->src\debug\AndroidManifest.xml:11:13-65
87-->src\debug\AndroidManifest.xml:11:21-62
88
89                <category android:name="android.intent.category.DEFAULT" />
90                <category android:name="android.intent.category.BROWSABLE" />
91                <!-- Esquema URI personalizado para los partidos -->
92                <data
92-->src\main\AndroidManifest.xml:70:13-50
93                    android:host="match"
94                    android:scheme="statsfoot" />
94-->src\debug\AndroidManifest.xml:12:19-41
95            </intent-filter>
96
97            <!-- Deep Links para enlaces web desde statsfootpro.netlify.app -->
98            <intent-filter android:autoVerify="true" >
99                <action android:name="android.intent.action.VIEW" />
99-->src\debug\AndroidManifest.xml:11:13-65
99-->src\debug\AndroidManifest.xml:11:21-62
100
101                <category android:name="android.intent.category.DEFAULT" />
102                <category android:name="android.intent.category.BROWSABLE" />
103                <!-- URLs desde el sitio web -->
104                <data
104-->src\main\AndroidManifest.xml:70:13-50
105                    android:host="statsfootpro.netlify.app"
106                    android:pathPattern="/match/.*"
107                    android:scheme="https" />
107-->src\debug\AndroidManifest.xml:12:19-41
108                <data
108-->src\main\AndroidManifest.xml:70:13-50
109                    android:host="statsfootpro.netlify.app"
110                    android:pathPattern="/match/.*"
111                    android:scheme="http" />
111-->src\debug\AndroidManifest.xml:12:19-41
112            </intent-filter>
113
114            <!-- Deep links for Google Sign-In -->
115            <intent-filter>
116                <action android:name="android.intent.action.VIEW" />
116-->src\debug\AndroidManifest.xml:11:13-65
116-->src\debug\AndroidManifest.xml:11:21-62
117
118                <category android:name="android.intent.category.DEFAULT" />
119                <category android:name="android.intent.category.BROWSABLE" />
120                <!-- Scheme needs to match your custom URI scheme used for redirectTo in the login code -->
121                <data
121-->src\main\AndroidManifest.xml:70:13-50
122                    android:host="login-callback"
123                    android:scheme="io.supabase.statsfoota" />
123-->src\debug\AndroidManifest.xml:12:19-41
124            </intent-filter>
125        </activity>
126        <!--
127             Don't delete the meta-data below.
128             This is used by the Flutter tool to generate GeneratedPluginRegistrant.java
129        -->
130        <meta-data
131            android:name="flutterEmbedding"
132            android:value="2" />
133
134        <provider
134-->[:image_picker_android] AndroidManifest.xml:9:9-17:20
135            android:name="io.flutter.plugins.imagepicker.ImagePickerFileProvider"
135-->[:image_picker_android] AndroidManifest.xml:10:13-82
136            android:authorities="com.example.statsfoota.flutter.image_provider"
136-->[:image_picker_android] AndroidManifest.xml:11:13-74
137            android:exported="false"
137-->[:image_picker_android] AndroidManifest.xml:12:13-37
138            android:grantUriPermissions="true" >
138-->[:image_picker_android] AndroidManifest.xml:13:13-47
139            <meta-data
139-->[:image_picker_android] AndroidManifest.xml:14:13-16:75
140                android:name="android.support.FILE_PROVIDER_PATHS"
140-->[:image_picker_android] AndroidManifest.xml:15:17-67
141                android:resource="@xml/flutter_image_picker_file_paths" />
141-->[:image_picker_android] AndroidManifest.xml:16:17-72
142        </provider> <!-- Trigger Google Play services to install the backported photo picker module. -->
143        <service
143-->[:image_picker_android] AndroidManifest.xml:19:9-31:19
144            android:name="com.google.android.gms.metadata.ModuleDependencies"
144-->[:image_picker_android] AndroidManifest.xml:20:13-78
145            android:enabled="false"
145-->[:image_picker_android] AndroidManifest.xml:21:13-36
146            android:exported="false" >
146-->[:image_picker_android] AndroidManifest.xml:22:13-37
147            <intent-filter>
147-->[:image_picker_android] AndroidManifest.xml:24:13-26:29
148                <action android:name="com.google.android.gms.metadata.MODULE_DEPENDENCIES" />
148-->[:image_picker_android] AndroidManifest.xml:25:17-94
148-->[:image_picker_android] AndroidManifest.xml:25:25-91
149            </intent-filter>
150
151            <meta-data
151-->[:image_picker_android] AndroidManifest.xml:28:13-30:36
152                android:name="photopicker_activity:0:required"
152-->[:image_picker_android] AndroidManifest.xml:29:17-63
153                android:value="" />
153-->[:image_picker_android] AndroidManifest.xml:30:17-33
154        </service>
155        <!--
156           Declares a provider which allows us to store files to share in
157           '.../caches/share_plus' and grant the receiving action access
158        -->
159        <provider
159-->[:share_plus] AndroidManifest.xml:13:9-21:20
160            android:name="dev.fluttercommunity.plus.share.ShareFileProvider"
160-->[:share_plus] AndroidManifest.xml:14:13-77
161            android:authorities="com.example.statsfoota.flutter.share_provider"
161-->[:share_plus] AndroidManifest.xml:15:13-74
162            android:exported="false"
162-->[:share_plus] AndroidManifest.xml:16:13-37
163            android:grantUriPermissions="true" >
163-->[:share_plus] AndroidManifest.xml:17:13-47
164            <meta-data
164-->[:image_picker_android] AndroidManifest.xml:14:13-16:75
165                android:name="android.support.FILE_PROVIDER_PATHS"
165-->[:image_picker_android] AndroidManifest.xml:15:17-67
166                android:resource="@xml/flutter_share_file_paths" />
166-->[:image_picker_android] AndroidManifest.xml:16:17-72
167        </provider>
168        <!--
169           This manifest declared broadcast receiver allows us to use an explicit
170           Intent when creating a PendingItent to be informed of the user's choice
171        -->
172        <receiver
172-->[:share_plus] AndroidManifest.xml:26:9-32:20
173            android:name="dev.fluttercommunity.plus.share.SharePlusPendingIntent"
173-->[:share_plus] AndroidManifest.xml:27:13-82
174            android:exported="false" >
174-->[:share_plus] AndroidManifest.xml:28:13-37
175            <intent-filter>
175-->[:share_plus] AndroidManifest.xml:29:13-31:29
176                <action android:name="EXTRA_CHOSEN_COMPONENT" />
176-->[:share_plus] AndroidManifest.xml:30:17-65
176-->[:share_plus] AndroidManifest.xml:30:25-62
177            </intent-filter>
178        </receiver>
179
180        <activity
180-->[:url_launcher_android] AndroidManifest.xml:8:9-11:74
181            android:name="io.flutter.plugins.urllauncher.WebViewActivity"
181-->[:url_launcher_android] AndroidManifest.xml:9:13-74
182            android:exported="false"
182-->[:url_launcher_android] AndroidManifest.xml:10:13-37
183            android:theme="@android:style/Theme.NoTitleBar.Fullscreen" />
183-->[:url_launcher_android] AndroidManifest.xml:11:13-71
184
185        <receiver
185-->[com.google.android.gms:play-services-measurement:19.0.0] AndroidManifest.xml:29:9-33:20
186            android:name="com.google.android.gms.measurement.AppMeasurementReceiver"
186-->[com.google.android.gms:play-services-measurement:19.0.0] AndroidManifest.xml:30:13-85
187            android:enabled="true"
187-->[com.google.android.gms:play-services-measurement:19.0.0] AndroidManifest.xml:31:13-35
188            android:exported="false" >
188-->[com.google.android.gms:play-services-measurement:19.0.0] AndroidManifest.xml:32:13-37
189        </receiver>
190
191        <service
191-->[com.google.android.gms:play-services-measurement:19.0.0] AndroidManifest.xml:35:9-38:40
192            android:name="com.google.android.gms.measurement.AppMeasurementService"
192-->[com.google.android.gms:play-services-measurement:19.0.0] AndroidManifest.xml:36:13-84
193            android:enabled="true"
193-->[com.google.android.gms:play-services-measurement:19.0.0] AndroidManifest.xml:37:13-35
194            android:exported="false" />
194-->[com.google.android.gms:play-services-measurement:19.0.0] AndroidManifest.xml:38:13-37
195        <service
195-->[com.google.android.gms:play-services-measurement:19.0.0] AndroidManifest.xml:39:9-43:72
196            android:name="com.google.android.gms.measurement.AppMeasurementJobService"
196-->[com.google.android.gms:play-services-measurement:19.0.0] AndroidManifest.xml:40:13-87
197            android:enabled="true"
197-->[com.google.android.gms:play-services-measurement:19.0.0] AndroidManifest.xml:41:13-35
198            android:exported="false"
198-->[com.google.android.gms:play-services-measurement:19.0.0] AndroidManifest.xml:42:13-37
199            android:permission="android.permission.BIND_JOB_SERVICE" />
199-->[com.google.android.gms:play-services-measurement:19.0.0] AndroidManifest.xml:43:13-69
200        <service
200-->[com.google.android.gms:play-services-measurement-api:19.0.0] AndroidManifest.xml:27:9-33:19
201            android:name="com.google.firebase.components.ComponentDiscoveryService"
201-->[com.google.android.gms:play-services-measurement-api:19.0.0] AndroidManifest.xml:28:13-84
202            android:directBootAware="true"
202-->[com.google.firebase:firebase-common:20.0.0] AndroidManifest.xml:35:13-43
203            android:exported="false" >
203-->[com.google.android.gms:play-services-measurement-api:19.0.0] AndroidManifest.xml:29:13-37
204            <meta-data
204-->[com.google.android.gms:play-services-measurement-api:19.0.0] AndroidManifest.xml:30:13-32:85
205                android:name="com.google.firebase.components:com.google.firebase.analytics.connector.internal.AnalyticsConnectorRegistrar"
205-->[com.google.android.gms:play-services-measurement-api:19.0.0] AndroidManifest.xml:31:17-139
206                android:value="com.google.firebase.components.ComponentRegistrar" />
206-->[com.google.android.gms:play-services-measurement-api:19.0.0] AndroidManifest.xml:32:17-82
207            <meta-data
207-->[com.google.firebase:firebase-installations:17.0.0] AndroidManifest.xml:18:13-20:85
208                android:name="com.google.firebase.components:com.google.firebase.installations.FirebaseInstallationsRegistrar"
208-->[com.google.firebase:firebase-installations:17.0.0] AndroidManifest.xml:19:17-127
209                android:value="com.google.firebase.components.ComponentRegistrar" />
209-->[com.google.firebase:firebase-installations:17.0.0] AndroidManifest.xml:20:17-82
210        </service>
211
212        <provider
212-->[com.google.firebase:firebase-common:20.0.0] AndroidManifest.xml:26:9-31:39
213            android:name="com.google.firebase.provider.FirebaseInitProvider"
213-->[com.google.firebase:firebase-common:20.0.0] AndroidManifest.xml:27:13-77
214            android:authorities="com.example.statsfoota.firebaseinitprovider"
214-->[com.google.firebase:firebase-common:20.0.0] AndroidManifest.xml:28:13-72
215            android:directBootAware="true"
215-->[com.google.firebase:firebase-common:20.0.0] AndroidManifest.xml:29:13-43
216            android:exported="false"
216-->[com.google.firebase:firebase-common:20.0.0] AndroidManifest.xml:30:13-37
217            android:initOrder="100" />
217-->[com.google.firebase:firebase-common:20.0.0] AndroidManifest.xml:31:13-36
218
219        <meta-data
219-->[com.google.android.gms:play-services-basement:17.0.0] AndroidManifest.xml:23:9-25:69
220            android:name="com.google.android.gms.version"
220-->[com.google.android.gms:play-services-basement:17.0.0] AndroidManifest.xml:24:13-58
221            android:value="@integer/google_play_services_version" />
221-->[com.google.android.gms:play-services-basement:17.0.0] AndroidManifest.xml:25:13-66
222
223        <provider
223-->[androidx.lifecycle:lifecycle-process:2.7.0] AndroidManifest.xml:24:9-32:20
224            android:name="androidx.startup.InitializationProvider"
224-->[androidx.lifecycle:lifecycle-process:2.7.0] AndroidManifest.xml:25:13-67
225            android:authorities="com.example.statsfoota.androidx-startup"
225-->[androidx.lifecycle:lifecycle-process:2.7.0] AndroidManifest.xml:26:13-68
226            android:exported="false" >
226-->[androidx.lifecycle:lifecycle-process:2.7.0] AndroidManifest.xml:27:13-37
227            <meta-data
227-->[androidx.lifecycle:lifecycle-process:2.7.0] AndroidManifest.xml:29:13-31:52
228                android:name="androidx.lifecycle.ProcessLifecycleInitializer"
228-->[androidx.lifecycle:lifecycle-process:2.7.0] AndroidManifest.xml:30:17-78
229                android:value="androidx.startup" />
229-->[androidx.lifecycle:lifecycle-process:2.7.0] AndroidManifest.xml:31:17-49
230            <meta-data
230-->[androidx.profileinstaller:profileinstaller:1.3.1] AndroidManifest.xml:29:13-31:52
231                android:name="androidx.profileinstaller.ProfileInstallerInitializer"
231-->[androidx.profileinstaller:profileinstaller:1.3.1] AndroidManifest.xml:30:17-85
232                android:value="androidx.startup" />
232-->[androidx.profileinstaller:profileinstaller:1.3.1] AndroidManifest.xml:31:17-49
233        </provider>
234
235        <uses-library
235-->[androidx.window:window:1.2.0] AndroidManifest.xml:23:9-25:40
236            android:name="androidx.window.extensions"
236-->[androidx.window:window:1.2.0] AndroidManifest.xml:24:13-54
237            android:required="false" />
237-->[androidx.window:window:1.2.0] AndroidManifest.xml:25:13-37
238        <uses-library
238-->[androidx.window:window:1.2.0] AndroidManifest.xml:26:9-28:40
239            android:name="androidx.window.sidecar"
239-->[androidx.window:window:1.2.0] AndroidManifest.xml:27:13-51
240            android:required="false" />
240-->[androidx.window:window:1.2.0] AndroidManifest.xml:28:13-37
241
242        <receiver
242-->[androidx.profileinstaller:profileinstaller:1.3.1] AndroidManifest.xml:34:9-52:20
243            android:name="androidx.profileinstaller.ProfileInstallReceiver"
243-->[androidx.profileinstaller:profileinstaller:1.3.1] AndroidManifest.xml:35:13-76
244            android:directBootAware="false"
244-->[androidx.profileinstaller:profileinstaller:1.3.1] AndroidManifest.xml:36:13-44
245            android:enabled="true"
245-->[androidx.profileinstaller:profileinstaller:1.3.1] AndroidManifest.xml:37:13-35
246            android:exported="true"
246-->[androidx.profileinstaller:profileinstaller:1.3.1] AndroidManifest.xml:38:13-36
247            android:permission="android.permission.DUMP" >
247-->[androidx.profileinstaller:profileinstaller:1.3.1] AndroidManifest.xml:39:13-57
248            <intent-filter>
248-->[androidx.profileinstaller:profileinstaller:1.3.1] AndroidManifest.xml:40:13-42:29
249                <action android:name="androidx.profileinstaller.action.INSTALL_PROFILE" />
249-->[androidx.profileinstaller:profileinstaller:1.3.1] AndroidManifest.xml:41:17-91
249-->[androidx.profileinstaller:profileinstaller:1.3.1] AndroidManifest.xml:41:25-88
250            </intent-filter>
251            <intent-filter>
251-->[androidx.profileinstaller:profileinstaller:1.3.1] AndroidManifest.xml:43:13-45:29
252                <action android:name="androidx.profileinstaller.action.SKIP_FILE" />
252-->[androidx.profileinstaller:profileinstaller:1.3.1] AndroidManifest.xml:44:17-85
252-->[androidx.profileinstaller:profileinstaller:1.3.1] AndroidManifest.xml:44:25-82
253            </intent-filter>
254            <intent-filter>
254-->[androidx.profileinstaller:profileinstaller:1.3.1] AndroidManifest.xml:46:13-48:29
255                <action android:name="androidx.profileinstaller.action.SAVE_PROFILE" />
255-->[androidx.profileinstaller:profileinstaller:1.3.1] AndroidManifest.xml:47:17-88
255-->[androidx.profileinstaller:profileinstaller:1.3.1] AndroidManifest.xml:47:25-85
256            </intent-filter>
257            <intent-filter>
257-->[androidx.profileinstaller:profileinstaller:1.3.1] AndroidManifest.xml:49:13-51:29
258                <action android:name="androidx.profileinstaller.action.BENCHMARK_OPERATION" />
258-->[androidx.profileinstaller:profileinstaller:1.3.1] AndroidManifest.xml:50:17-95
258-->[androidx.profileinstaller:profileinstaller:1.3.1] AndroidManifest.xml:50:25-92
259            </intent-filter>
260        </receiver>
261    </application>
262
263</manifest>